wrong folder/android/build/outputs/mapping/release/seeds.txt
com.badlogic.gdx.math.Matrix4
com.mygdx.game.AndroidLauncher
com.badlogic.gdx.utils.BufferUtils
com.badlogic.gdx.graphics.glutils.ETC1
com.badlogic.gdx.graphics.g2d.Gdx2DPixmap
com.badlogic.gdx.graphics.Pixmap$Blending: com.badlogic.gdx.graphics.Pixmap$Blending valueOf(java.lang.String)
com.badlogic.gdx.graphics.glutils.GLVersion$Type: com.badlogic.gdx.graphics.glutils.GLVersion$Type valueOf(java.lang.String)
com.badlogic.gdx.utils.BufferUtils: void copyJni(float[],java.nio.Buffer,int,int)
com.badlogic.gdx.utils.IntArray: IntArray()
com.badlogic.gdx.graphics.glutils.GLFrameBuffer: GLFrameBuffer()
com.badlogic.gdx.utils.BufferUtils: void freeMemory(java.nio.ByteBuffer)
com.badlogic.gdx.Input$OnscreenKeyboardType: com.badlogic.gdx.Input$OnscreenKeyboardType valueOf(java.lang.String)
com.badlogic.gdx.Input$Orientation: com.badlogic.gdx.Input$Orientation[] values()
com.mygdx.game.AndroidLauncher: AndroidLauncher()
com.badlogic.gdx.graphics.g2d.Gdx2DPixmap: java.nio.ByteBuffer load(long[],byte[],int,int)
com.badlogic.gdx.graphics.TextureData$TextureDataType: com.badlogic.gdx.graphics.TextureData$TextureDataType valueOf(java.lang.String)
com.badlogic.gdx.graphics.Texture$TextureWrap: com.badlogic.gdx.graphics.Texture$TextureWrap[] values()
com.badlogic.gdx.graphics.Pixmap$Format: com.badlogic.gdx.graphics.Pixmap$Format valueOf(java.lang.String)
com.badlogic.gdx.Application$ApplicationType: com.badlogic.gdx.Application$ApplicationType[] values()
com.badlogic.gdx.Input$OnscreenKeyboardType: com.badlogic.gdx.Input$OnscreenKeyboardType[] values()
com.badlogic.gdx.graphics.Mesh$VertexDataType: com.badlogic.gdx.graphics.Mesh$VertexDataType[] values()
com.badlogic.gdx.graphics.g2d.Gdx2DPixmap: java.nio.ByteBuffer newPixmap(long[],int,int,int)
com.badlogic.gdx.graphics.Pixmap$Blending: com.badlogic.gdx.graphics.Pixmap$Blending[] values()
com.badlogic.gdx.utils.Array: Array()
com.badlogic.gdx.graphics.g2d.Gdx2DPixmap: void drawPixmap(long,long,int,int,int,int,int,int,int,int)
com.badlogic.gdx.graphics.Texture$TextureFilter: com.badlogic.gdx.graphics.Texture$TextureFilter[] values()
com.badlogic.gdx.utils.IntSet: IntSet()
com.badlogic.gdx.math.Quaternion: Quaternion()
com.badlogic.gdx.graphics.g2d.Gdx2DPixmap: void clear(long,int)
com.badlogic.gdx.utils.ObjectMap: ObjectMap()
com.badlogic.gdx.graphics.glutils.ETC1: boolean isValidPKM(java.nio.ByteBuffer,int)
com.badlogic.gdx.math.Vector3: Vector3()
com.badlogic.gdx.utils.ObjectIntMap: ObjectIntMap()
com.badlogic.gdx.graphics.glutils.ETC1: void decodeImage(java.nio.ByteBuffer,int,java.nio.ByteBuffer,int,int,int,int)
com.badlogic.gdx.graphics.Texture$TextureWrap: com.badlogic.gdx.graphics.Texture$TextureWrap valueOf(java.lang.String)
com.badlogic.gdx.graphics.glutils.ETC1: int getWidthPKM(java.nio.ByteBuffer,int)
com.badlogic.gdx.graphics.g2d.Gdx2DPixmap: java.lang.String getFailureReason()
com.badlogic.gdx.graphics.g2d.Gdx2DPixmap: void setBlend(long,int)
com.badlogic.gdx.graphics.glutils.ETC1: int getHeightPKM(java.nio.ByteBuffer,int)
com.badlogic.gdx.graphics.Pixmap$Format: com.badlogic.gdx.graphics.Pixmap$Format[] values()
com.badlogic.gdx.graphics.glutils.GLVersion$Type: com.badlogic.gdx.graphics.glutils.GLVersion$Type[] values()
com.badlogic.gdx.Files$FileType: com.badlogic.gdx.Files$FileType[] values()
com.badlogic.gdx.utils.BufferUtils: java.nio.ByteBuffer newDisposableByteBuffer(int)
com.badlogic.gdx.Input$Orientation: com.badlogic.gdx.Input$Orientation valueOf(java.lang.String)
com.badlogic.gdx.Files$FileType: com.badlogic.gdx.Files$FileType valueOf(java.lang.String)
com.badlogic.gdx.utils.StringBuilder: StringBuilder()
com.badlogic.gdx.graphics.Texture$TextureFilter: com.badlogic.gdx.graphics.Texture$TextureFilter valueOf(java.lang.String)
com.badlogic.gdx.graphics.Color: Color()
com.badlogic.gdx.graphics.Pixmap$Filter: com.badlogic.gdx.graphics.Pixmap$Filter[] values()
com.badlogic.gdx.backends.android.AndroidApplication: AndroidApplication()