wrong folder/android/build/outputs/mapping/release/mapping.txt
# compiler: R8
# compiler_version: 4.0.48
# min_api: 14
# common_typos_disable
# {"id":"com.android.tools.r8.mapping","version":"2.1"}
# pg_map_id: b27d0d3
# pg_map_hash: SHA-256 b27d0d3598c32ec3e6eb0f49581dd2d61a479c0451070b6dd05cad75b696210a
...
com.badlogic.gdx.backends.android.surfaceview.ResolutionStrategy$MeasuredDimension -> c.d$a:
    int height -> b
    int width -> a
com.badlogic.gdx.files.FileHandle -> d.a:
    java.io.File file -> a
    com.badlogic.gdx.Files$FileType type -> b
    int estimateLength() -> a
    java.lang.String extension() -> b
    java.io.File file() -> c
    long length() -> d
    java.lang.String name() -> e
    java.lang.String path() -> f
    java.io.InputStream read() -> g
    byte[] readBytes() -> h
com.badlogic.gdx.graphics.Color -> e.a:
    com.badlogic.gdx.graphics.Color RED -> E
    com.badlogic.gdx.graphics.Color CORAL -> G
    com.badlogic.gdx.graphics.Color LIGHT_GRAY -> f
    com.badlogic.gdx.graphics.Color PINK -> I
    com.badlogic.gdx.graphics.Color DARK_GRAY -> h
    com.badlogic.gdx.graphics.Color PURPLE -> K
    float b -> c
    float r -> a
    com.badlogic.gdx.graphics.Color ORANGE -> A
    com.badlogic.gdx.graphics.Color TAN -> C
    com.badlogic.gdx.graphics.Color CHARTREUSE -> t
    com.badlogic.gdx.graphics.Color FOREST -> v
    com.badlogic.gdx.graphics.Color YELLOW -> x
    com.badlogic.gdx.graphics.Color GOLDENROD -> z
    com.badlogic.gdx.graphics.Color MAROON -> M
    com.badlogic.gdx.graphics.Color BLUE -> l
    com.badlogic.gdx.graphics.Color ROYAL -> n
    com.badlogic.gdx.graphics.Color SKY -> p
    com.badlogic.gdx.graphics.Color TEAL -> r
    com.badlogic.gdx.graphics.Color WHITE -> e
    com.badlogic.gdx.graphics.Color FIREBRICK -> D
    com.badlogic.gdx.graphics.Color GRAY -> g
    float WHITE_FLOAT_BITS -> j
    com.badlogic.gdx.graphics.Color SCARLET -> F
    com.badlogic.gdx.graphics.Color BLACK -> i
    com.badlogic.gdx.graphics.Color SALMON -> H
    com.badlogic.gdx.graphics.Color CLEAR -> k
    com.badlogic.gdx.graphics.Color MAGENTA -> J
    float a -> d
    float g -> b
    com.badlogic.gdx.graphics.Color BROWN -> B
    com.badlogic.gdx.graphics.Color LIME -> u
    com.badlogic.gdx.graphics.Color OLIVE -> w
com.badlogic.gdx.graphics.Cubemap -> e.b:
    com.badlogic.gdx.graphics.CubemapData data -> i
    java.util.Map managedCubemaps -> j
    void load(com.badlogic.gdx.graphics.CubemapData) -> A
    void reload() -> B
    void clearAllCubemaps(com.badlogic.gdx.Application) -> w
    java.lang.String getManagedStatus() -> x
    void invalidateAllCubemaps(com.badlogic.gdx.Application) -> y
    boolean isManaged() -> z
com.badlogic.gdx.graphics.CubemapData -> e.c:
    void prepare() -> c
    boolean isPrepared() -> d
    boolean isManaged() -> e
    void consumeCubemapData() -> g