wrong folder/android/build/outputs/mapping/release/usage.txt
com.badlogic.gdx.math.Octree$OctreeNode
com.badlogic.gdx.math.Octree$RayCastResult
com.badlogic.gdx.math.Octree
com.badlogic.gdx.math.Path
com.badlogic.gdx.math.Plane$PlaneSide
com.badlogic.gdx.math.Plane
com.badlogic.gdx.math.Polygon
com.badlogic.gdx.math.Polyline
com.badlogic.gdx.math.Quaternion:
    private static final long serialVersionUID
    public void <init>(com.badlogic.gdx.math.Quaternion)
    public void <init>(com.badlogic.gdx.math.Vector3,float)
    public com.badlogic.gdx.math.Quaternion add(float,float,float,float)
    public com.badlogic.gdx.math.Quaternion add(com.badlogic.gdx.math.Quaternion)
    public com.badlogic.gdx.math.Quaternion conjugate()
    public com.badlogic.gdx.math.Quaternion cpy()
    public float dot(float,float,float,float)
    public static final float dot(float,float,float,float,float,float,float,float)
    public float dot(com.badlogic.gdx.math.Quaternion)
    public com.badlogic.gdx.math.Quaternion exp(float)
    public float getAngle()
    public float getAngleAround(float,float,float)
    public float getAngleAround(com.badlogic.gdx.math.Vector3)
    public float getAngleAroundRad(float,float,float)
    public float getAngleAroundRad(com.badlogic.gdx.math.Vector3)
    public float getAngleRad()
    public float getAxisAngle(com.badlogic.gdx.math.Vector3)
    public float getAxisAngleRad(com.badlogic.gdx.math.Vector3)
    public int getGimbalPole()
    public float getPitch()
    public float getPitchRad()
    public float getRoll()
    public float getRollRad()
    public void getSwingTwist(float,float,float,com.badlogic.gdx.math.Quaternion,com.badlogic.gdx.math.Quaternion)
com.badlogic.gdx.math.RandomXS128:
    private static final double NORM_DOUBLE
    private static final double NORM_FLOAT
    public void <init>(long)
    public void <init>(long,long)
    public long getState(int)
com.badlogic.gdx.math.Rectangle
com.badlogic.gdx.math.Shape2D
com.badlogic.gdx.math.Vector2
com.badlogic.gdx.math.Vector3:
    private static final long serialVersionUID
    public void <init>(com.badlogic.gdx.math.Vector2,float)
    public void <init>(com.badlogic.gdx.math.Vector3)
    public void <init>(float[])
    public com.badlogic.gdx.math.Vector3 add(float)
    public com.badlogic.gdx.math.Vector3 add(float,float,float)
    public com.badlogic.gdx.math.Vector3 add(com.badlogic.gdx.math.Vector3)
    public synthetic bridge com.badlogic.gdx.math.Vector add(com.badlogic.gdx.math.Vector)
    public com.badlogic.gdx.math.Vector3 clamp(float,float)
    public synthetic bridge com.badlogic.gdx.math.Vector clamp(float,float)
    public com.badlogic.gdx.math.Vector3 cpy()
    public synthetic bridge com.badlogic.gdx.math.Vector cpy()
    public com.badlogic.gdx.math.Vector3 crs(float,float,float)
    public com.badlogic.gdx.math.Vector3 crs(com.badlogic.gdx.math.Vector3)
    public float dot(float,float,float)
    public static float dot(float,float,float,float,float,float)
    public float dot(com.badlogic.gdx.math.Vector3)
    public synthetic bridge float dot(com.badlogic.gdx.math.Vector)
    public float dst(float,float,float)
    public static float dst(float,float,float,float,float,float)
    public float dst(com.badlogic.gdx.math.Vector3)
    public synthetic bridge float dst(com.badlogic.gdx.math.Vector)
    public float dst2(float,float,float)
    public static float dst2(float,float,float,float,float,float)
com.badlogic.gdx.math.Vector
com.badlogic.gdx.math.WindowedMean
com.badlogic.gdx.math.collision.BoundingBox
com.badlogic.gdx.math.collision.Ray
com.badlogic.gdx.math.collision.Segment
com.badlogic.gdx.math.collision.Sphere
com.badlogic.gdx.net.HttpParametersUtils
com.badlogic.gdx.net.HttpRequestBuilder
com.badlogic.gdx.net.HttpRequestHeader
com.badlogic.gdx.net.HttpResponseHeader
com.badlogic.gdx.net.HttpStatus
com.badlogic.gdx.net.NetJavaImpl$2
com.badlogic.gdx.net.NetJavaImpl$HttpClientResponse